[2019-12-07T11:43:56.322] [DEBUG] cheese - login => username:zs,password:123456
[2019-12-07T11:43:56.324] [DEBUG] cheese - zs
[2019-12-07T11:43:56.352] [DEBUG] cheese - null
[2019-12-07T11:43:56.352] [DEBUG] cheese - null
[2019-12-07T11:44:42.043] [DEBUG] cheese - login => username:admin,password:123456
[2019-12-07T11:44:42.044] [DEBUG] cheese - admin
[2019-12-07T11:44:42.070] [DEBUG] cheese - null
[2019-12-07T11:44:42.070] [DEBUG] cheese - null
[2019-12-07T19:52:25.368] [DEBUG] cheese - login => username:admin,password:123456
[2019-12-07T19:52:25.368] [DEBUG] cheese - admin
[2019-12-07T19:52:29.227] [DEBUG] cheese - login => username:admin,password:123456
[2019-12-07T19:52:29.227] [DEBUG] cheese - admin
[2019-12-07T19:52:29.316] [DEBUG] cheese - null
[2019-12-07T19:52:29.316] [DEBUG] cheese - null
[2019-12-07T19:52:35.409] [DEBUG] cheese - null
[2019-12-07T19:52:35.409] [DEBUG] cheese - null
[2019-12-07T19:53:59.497] [DEBUG] cheese - login => username:admin,password:123456
[2019-12-07T19:53:59.497] [DEBUG] cheese - admin
[2019-12-07T19:53:59.526] [DEBUG] cheese - null
[2019-12-07T19:53:59.527] [DEBUG] cheese - null
[2019-12-07T22:08:34.164] [DEBUG] cheese - login => username:admin,password:123456
[2019-12-07T22:08:34.164] [DEBUG] cheese - admin
[2019-12-07T22:08:34.241] [DEBUG] cheese - null
[2019-12-07T22:08:34.241] [DEBUG] cheese - null
[2019-12-07T22:08:51.952] [DEBUG] cheese - login => username:admin,password:123456fsadfasd
[2019-12-07T22:08:51.952] [DEBUG] cheese - admin
[2019-12-07T22:08:51.981] [DEBUG] cheese - null
[2019-12-07T22:08:51.981] [DEBUG] cheese - null
[2019-12-07T22:15:52.334] [DEBUG] cheese - login => username:zssadf,password:123asdfa
[2019-12-07T22:15:52.334] [DEBUG] cheese - zssadf
[2019-12-07T22:15:52.366] [DEBUG] cheese - null
[2019-12-07T22:15:52.366] [DEBUG] cheese - null
[2019-12-07T22:16:02.339] [DEBUG] cheese - login => username:admin,password:123456
[2019-12-07T22:16:02.340] [DEBUG] cheese - admin
[2019-12-07T22:16:02.373] [DEBUG] cheese - null
[2019-12-07T22:16:02.373] [DEBUG] cheese - null
[2019-12-07T22:19:51.324] [DEBUG] cheese - login => username:admin,password:123456
[2019-12-07T22:19:51.324] [DEBUG] cheese - admin
[2019-12-07T22:19:51.356] [DEBUG] cheese - null
[2019-12-07T22:19:51.356] [DEBUG] cheese - null
[2019-12-07T22:19:53.860] [DEBUG] cheese - login => username:admin,password:123456
[2019-12-07T22:19:53.860] [DEBUG] cheese - admin
[2019-12-07T22:19:53.889] [DEBUG] cheese - null
[2019-12-07T22:19:53.889] [DEBUG] cheese - null
[2019-12-07T22:20:31.492] [DEBUG] cheese - login => username:admin,password:123456
[2019-12-07T22:20:31.493] [DEBUG] cheese - admin
[2019-12-07T22:20:31.547] [DEBUG] cheese - null
[2019-12-07T22:20:31.547] [DEBUG] cheese - null
[2019-12-07T22:20:34.539] [DEBUG] cheese - login => username:admin,password:123456
[2019-12-07T22:20:34.539] [DEBUG] cheese - admin
[2019-12-07T22:20:34.638] [DEBUG] cheese - null
[2019-12-07T22:20:34.638] [DEBUG] cheese - null
[2019-12-07T22:22:17.767] [DEBUG] cheese - login => username:admin,password:123456
[2019-12-07T22:22:17.768] [DEBUG] cheese - admin
[2019-12-07T22:22:17.819] [DEBUG] cheese - null
[2019-12-07T22:22:17.820] [DEBUG] cheese - null
[2019-12-07T22:26:45.411] [DEBUG] cheese - login => username:admin,password:123456
[2019-12-07T22:26:45.411] [DEBUG] cheese - admin
[2019-12-07T22:26:45.447] [DEBUG] cheese - null
[2019-12-07T22:26:45.447] [DEBUG] cheese - null
[2019-12-07T22:39:56.962] [DEBUG] cheese - login => username:admin,password:123456
[2019-12-07T22:39:56.962] [DEBUG] cheese - admin
[2019-12-07T22:39:56.988] [DEBUG] cheese - null
[2019-12-07T22:39:56.989] [DEBUG] cheese - null
[2019-12-07T22:40:01.653] [DEBUG] cheese - login => username:admin,password:123456dsafsaf
[2019-12-07T22:40:01.653] [DEBUG] cheese - admin
[2019-12-07T22:40:01.680] [DEBUG] cheese - null
[2019-12-07T22:40:01.680] [DEBUG] cheese - null
[2019-12-07T22:40:45.146] [DEBUG] cheese - login => username:admin,password:123456
[2019-12-07T22:40:45.146] [DEBUG] cheese - admin
[2019-12-07T22:40:45.174] [DEBUG] cheese - null
[2019-12-07T22:40:45.174] [DEBUG] cheese - null
[2019-12-07T22:44:45.530] [DEBUG] cheese - login => username:admin,password:123456
[2019-12-07T22:44:45.530] [DEBUG] cheese - admin
[2019-12-07T22:44:45.558] [DEBUG] cheese - null
[2019-12-07T22:44:45.558] [DEBUG] cheese - null
[2019-12-07T22:46:14.856] [DEBUG] cheese - login => username:admin,password:123456
[2019-12-07T22:46:14.856] [DEBUG] cheese - admin
[2019-12-07T22:46:14.886] [DEBUG] cheese - null
[2019-12-07T22:46:14.886] [DEBUG] cheese - null
[2019-12-08T08:56:36.719] [DEBUG] cheese - login => username:admin,password:123456
[2019-12-08T08:56:36.719] [DEBUG] cheese - admin
[2019-12-08T08:56:38.520] [DEBUG] cheese - login => username:admin,password:123456
[2019-12-08T08:56:38.520] [DEBUG] cheese - admin
[2019-12-08T08:56:38.586] [DEBUG] cheese - null
[2019-12-08T08:56:38.586] [DEBUG] cheese - null
[2019-12-08T08:56:46.747] [DEBUG] cheese - null
[2019-12-08T08:56:46.747] [DEBUG] cheese - null
[2019-12-08T08:56:59.631] [DEBUG] cheese - login => username:admin,password:123456
[2019-12-08T08:56:59.632] [DEBUG] cheese - admin
[2019-12-08T08:56:59.655] [DEBUG] cheese - null
[2019-12-08T08:56:59.655] [DEBUG] cheese - null
[2019-12-08T10:11:25.974] [DEBUG] cheese - login => username:admin,password:123456
[2019-12-08T10:11:25.974] [DEBUG] cheese - admin
[2019-12-08T10:11:26.057] [DEBUG] cheese - null
[2019-12-08T10:11:26.057] [DEBUG] cheese - null
